{
  "RSpec": {
    "coverage": {
      "/home/mauricio-p/udemy/ruby_on_rails/message-me/spec/support/spec_helper.rb": [
        1,
        1,
        7,
        null,
        null,
        1,
        6,
        6,
        6,
        6,
        null,
        null
      ],
      "/home/mauricio-p/udemy/ruby_on_rails/message-me/app/controllers/chatroom_controller.rb": [
        null,
        null,
        1,
        1,
        null,
        1,
        11,
        11,
        11,
        null,
        null
      ],
      "/home/mauricio-p/udemy/ruby_on_rails/message-me/app/controllers/application_controller.rb": [
        null,
        null,
        1,
        1,
        null,
        1,
        159,
        null,
        null,
        1,
        109,
        null,
        null,
        1,
        19,
        null,
        null
      ],
      "/home/mauricio-p/udemy/ruby_on_rails/message-me/spec/controllers/messages_controller_spec.rb": [
        1,
        null,
        1,
        1,
        4,
        null,
        1,
        3,
        null,
        null,
        null,
        null,
        null,
        null,
        null,
        1,
        1,
        1,
        null,
        null,
        1,
        2,
        null,
        null,
        null,
        1,
        1,
        2,
        null,
        null,
        1,
        1,
        null,
        1,
        null,
        null,
        null,
        null
      ],
      "/home/mauricio-p/udemy/ruby_on_rails/message-me/app/controllers/messages_controller.rb": [
        null,
        null,
        1,
        1,
        null,
        1,
        2,
        null,
        2,
        2,
        null,
        null,
        null,
        1,
        null,
        1,
        2,
        null,
        null,
        1,
        2,
        null,
        null
      ],
      "/home/mauricio-p/udemy/ruby_on_rails/message-me/spec/controllers/sessions_controller_spec.rb": [
        1,
        null,
        1,
        1,
        1,
        1,
        null,
        1,
        null,
        null,
        null,
        1,
        4,
        null,
        1,
        3,
        null,
        null,
        null,
        null,
        null,
        null,
        null,
        1,
        1,
        null,
        1,
        null,
        null,
        1,
        1,
        null,
        1,
        null,
        null,
        1,
        1,
        null,
        1,
        null,
        null,
        null,
        1,
        4,
        1,
        3,
        null,
        null,
        null,
        null,
        null,
        null,
        null,
        4,
        null,
        1,
        1,
        null,
        1,
        null,
        null,
        1,
        1,
        null,
        1,
        null,
        null,
        1,
        1,
        null,
        1,
        null,
        null,
        null
      ],
      "/home/mauricio-p/udemy/ruby_on_rails/message-me/app/controllers/sessions_controller.rb": [
        null,
        null,
        1,
        1,
        null,
        1,
        null,
        1,
        14,
        null,
        14,
        13,
        13,
        null,
        1,
        1,
        null,
        null,
        null,
        1,
        4,
        4,
        null,
        null,
        1,
        null,
        1,
        28,
        null,
        null
      ],
      "/home/mauricio-p/udemy/ruby_on_rails/message-me/spec/controllers/users_controller_spec.rb": [
        1,
        null,
        1,
        null,
        1,
        1,
        1,
        null,
        1,
        null,
        null,
        null,
        1,
        1,
        3,
        null,
        null,
        null,
        null,
        null,
        null,
        null,
        1,
        2,
        null,
        null,
        1,
        1,
        null,
        1,
        null,
        null,
        1,
        1,
        null,
        1,
        null,
        null,
        null,
        1,
        2,
        null,
        1,
        1,
        null,
        null,
        1,
        1,
        null,
        1,
        null,
        null,
        null,
        1,
        1,
        4,
        null,
        1,
        3,
        null,
        null,
        null,
        null,
        null,
        null,
        null,
        1,
        3,
        null,
        null,
        1,
        1,
        1,
        null,
        1,
        null,
        null,
        1,
        1,
        null,
        1,
        null,
        null,
        1,
        1,
        null,
        1,
        null,
        null,
        null,
        null,
        1,
        2,
        null,
        1,
        1,
        null,
        null,
        null,
        null,
        null,
        null,
        null,
        1,
        1,
        null,
        null,
        1,
        1,
        null,
        1,
        null,
        null,
        null
      ],
      "/home/mauricio-p/udemy/ruby_on_rails/message-me/app/controllers/users_controller.rb": [
        null,
        null,
        1,
        1,
        1,
        null,
        1,
        4,
        null,
        null,
        1,
        6,
        null,
        6,
        4,
        4,
        null,
        2,
        null,
        null,
        null,
        1,
        null,
        1,
        5,
        3,
        null,
        2,
        null,
        null,
        null,
        1,
        null,
        1,
        11,
        null,
        null,
        1,
        9,
        1,
        null,
        null,
        null,
        1,
        9,
        null,
        null
      ],
      "/home/mauricio-p/udemy/ruby_on_rails/message-me/spec/features/already_logged_in_tries_to_visit_login_path_spec.rb": [
        1,
        null,
        1,
        2,
        null,
        1,
        1,
        null,
        null,
        1,
        1,
        null,
        1,
        1,
        null,
        null
      ],
      "/home/mauricio-p/udemy/ruby_on_rails/message-me/spec/features/errors_messages_spec.rb": [
        1,
        null,
        1,
        1,
        1,
        1,
        1,
        1,
        null,
        null,
        1,
        1,
        null,
        null,
        null,
        1,
        2,
        null,
        1,
        1,
        null,
        null,
        1,
        1,
        1,
        1,
        1,
        null,
        null,
        1,
        1,
        null,
        null,
        null
      ],
      "/home/mauricio-p/udemy/ruby_on_rails/message-me/spec/features/not_logged_user_tries_to_visit_root_path_spec.rb": [
        1,
        null,
        1,
        1,
        1,
        null,
        1,
        1,
        null,
        null
      ],
      "/home/mauricio-p/udemy/ruby_on_rails/message-me/spec/features/user_logs_out_spec.rb": [
        1,
        null,
        1,
        2,
        null,
        1,
        1,
        null,
        null,
        1,
        1,
        null,
        1,
        1,
        null,
        null,
        1,
        1,
        null,
        null
      ],
      "/home/mauricio-p/udemy/ruby_on_rails/message-me/spec/features/user_signs_in_spec.rb": [
        1,
        null,
        1,
        3,
        null,
        1,
        1,
        1,
        1,
        1,
        null,
        1,
        null,
        null,
        1,
        1,
        1,
        1,
        1,
        null,
        1,
        null,
        null
      ],
      "/home/mauricio-p/udemy/ruby_on_rails/message-me/spec/features/user_signs_up_spec.rb": [
        1,
        null,
        1,
        1,
        1,
        1,
        1,
        1,
        null,
        1,
        null,
        1,
        1,
        1,
        null,
        1,
        1,
        null,
        null,
        1,
        1,
        1,
        1,
        1,
        null,
        1,
        null,
        1,
        1,
        1,
        null,
        1,
        1,
        null,
        null
      ],
      "/home/mauricio-p/udemy/ruby_on_rails/message-me/spec/features/user_tries_to_edit_another_account_spec.rb": [
        1,
        null,
        1,
        3,
        3,
        null,
        1,
        2,
        null,
        null,
        1,
        1,
        null,
        1,
        1,
        null,
        null,
        1,
        1,
        null,
        1,
        1,
        null,
        null
      ],
      "/home/mauricio-p/udemy/ruby_on_rails/message-me/spec/features/user_types_a_message_spec.rb": [
        1,
        null,
        1,
        2,
        null,
        1,
        1,
        null,
        null,
        1,
        1,
        1,
        1,
        1,
        null,
        1,
        null,
        null
      ],
      "/home/mauricio-p/udemy/ruby_on_rails/message-me/spec/models/message_spec.rb": [
        1,
        null,
        1,
        1,
        2,
        null,
        null,
        1,
        2,
        null,
        null
      ],
      "/home/mauricio-p/udemy/ruby_on_rails/message-me/app/models/message.rb": [
        null,
        null,
        1,
        1,
        null,
        1,
        null,
        12,
        null
      ],
      "/home/mauricio-p/udemy/ruby_on_rails/message-me/app/models/application_record.rb": [
        null,
        null,
        1,
        1,
        null
      ],
      "/home/mauricio-p/udemy/ruby_on_rails/message-me/spec/models/user_spec.rb": [
        1,
        null,
        1,
        1,
        2,
        2,
        2,
        null,
        null,
        1,
        2,
        null,
        null
      ],
      "/home/mauricio-p/udemy/ruby_on_rails/message-me/app/models/user.rb": [
        null,
        null,
        1,
        1,
        1,
        null,
        1,
        null,
        1,
        null
      ]
    },
    "timestamp": 1577680533
  }
}
